<?xml version="1.0" encoding="UTF-8"?>
<!-- Generated by org.testng.reporters.JUnitReportReporter -->
<testsuite hostname="DESKTOP-F31FRO2" failures="0" tests="6" name="com.qa.testLayer.HomePageTest" time="66.481" errors="0" timestamp="2022-04-27T14:06:42 IST" skipped="0">
  <testcase classname="com.qa.testLayer.HomePageTest" name="verifyHTCOneM9" time="10.719"/>
  <system-out/>
  <testcase classname="com.qa.testLayer.HomePageTest" name="verifySonyVaioi5" time="12.916"/>
  <system-out/>
  <testcase classname="com.qa.testLayer.HomePageTest" name="cerifySonyVaioi7" time="7.608"/>
  <system-out/>
  <testcase classname="com.qa.testLayer.HomePageTest" name="verifyNexus6" time="10.598"/>
  <system-out/>
  <testcase classname="com.qa.testLayer.HomePageTest" name="verifyNokiaLumia1520" time="11.694"/>
  <system-out/>
  <testcase classname="com.qa.testLayer.HomePageTest" name="verifySamsungGalaxys6" time="12.946"/>
  <system-out/>
</testsuite> <!-- com.qa.testLayer.HomePageTest -->
